<?xml version="1.0" encoding="UTF-8"?>
<!-- Generated by org.testng.reporters.JUnitReportReporter -->
<testsuite hostname="Nostras-MBP" failures="0" tests="1" name="com.jakartalabs.fullstack_automation.APITests" time="3.115" errors="0" timestamp="13 Mar 2021 06:58:01 GMT" skipped="0">
  <testcase classname="com.jakartalabs.fullstack_automation.APITests" name="testloginAPIWithIncorrectCredentials" time="3.115"/>
</testsuite> <!-- com.jakartalabs.fullstack_automation.APITests -->
